#
# A fatal error has been detected by the Java Runtime Environment:
#
#  SIGSEGV (0xb) at pc=0x000000011e114cdd, pid=35445, tid=0x000000000000d707
#
# JRE version: Java(TM) SE Runtime Environment (8.0_102-b14) (build 1.8.0_102-b14)
# Java VM: Java HotSpot(TM) 64-Bit Server VM (25.102-b14 mixed mode bsd-amd64 compressed oops)
# Problematic frame:
# C  [libawt_lwawt.dylib+0x1acdd]  OGLSD_SetScratchSurface+0x49
#
# Failed to write core dump. Core dumps have been disabled. To enable core dumping, try "ulimit -c unlimited" before starting Java again
#
# If you would like to submit a bug report, please visit:
#   http://bugreport.java.com/bugreport/crash.jsp
# The crash happened outside the Java Virtual Machine in native code.
# See problematic frame for where to report the bug.
#

---------------  T H R E A D  ---------------

Current thread (0x00007ffd74180000):  JavaThread "Java2D Queue Flusher" daemon [_thread_in_native, id=55047, stack(0x000070000e18a000,0x000070000e28a000)]

siginfo: si_signo: 11 (SIGSEGV), si_code: 1 (SEGV_MAPERR), si_addr: 0x0000000000000002

Registers:
RAX=0x00000000ffffffff, RBX=0x0000000000000002, RCX=0x0000000000000047, RDX=0x000000011e135844
RSP=0x000070000e289730, RBP=0x000070000e289750, RSI=0x00007ffd73785740, RDI=0x00007ffd741801f8
R8 =0x00000000000006cc, R9 =0x000000000096625e, R10=0x0000000108dc0eb8, R11=0x0000000108dbec00
R12=0x0000000000000000, R13=0x000070000e2898e8, R14=0x00007ffd741801f8, R15=0x00007ffd74180000
RIP=0x000000011e114cdd, EFLAGS=0x0000000000010202, ERR=0x0000000000000004
  TRAPNO=0x000000000000000e

Top of Stack: (sp=0x000070000e289730)
0x000070000e289730:   00007ffd73785740 0000000000000000
0x000070000e289740:   00007ffd74176210 00007ffd74180000
0x000070000e289750:   000070000e2897d0 000000011e135322
0x000070000e289760:   00007ffd7363d100 0000000200000001
0x000070000e289770:   0000000000000000 000070000e289800
0x000070000e289780:   0000000000000000 0000000000000000
0x000070000e289790:   000070000e2897d0 00007ffd74176220
0x000070000e2897a0:   0000700000289968 00007ffd741801f8
0x000070000e2897b0:   0000000171a55ce8 0000000000000000
0x000070000e2897c0:   000070000e289968 00007ffd74180000
0x000070000e2897d0:   000070000e289820 0000000108dc0f2a
0x000070000e2897e0:   000000079766cd88 0000000106136ed4
0x000070000e2897f0:   0000000000000064 0000000000000000
0x000070000e289800:   0000000000000064 00007ffd7363ca28
0x000070000e289810:   000070000e289870 0000000105f4f084
0x000070000e289820:   000070000e289940 0000000108dfaa7c
0x000070000e289830:   0000000000000001 00007ffd7363b8b0
0x000070000e289840:   0000000797600700 00007ffd74180000
0x000070000e289850:   00007ffd74180000 0000000107aeea00
0x000070000e289860:   000070000e289968 00007ffd74180000
0x000070000e289870:   000070000e2898c0 0000000108c052a8
0x000070000e289880:   000000079766cd88 0000000108da16e6
0x000070000e289890:   000070000e289940 0000000108dbec5c
0x000070000e2898a0:   00000001082631dc 000070000e2898e8
0x000070000e2898b0:   0000000108263258 0000000000000000
0x000070000e2898c0:   000070000e289940 0000000108a172bd
0x000070000e2898d0:   000070000e289940 0000000108a172bd
0x000070000e2898e0:   0000000108a172bd 000000079766cd88
0x000070000e2898f0:   0000000000000001 00000007976007c8
0x000070000e289900:   000070000e2898f0 0000000107f5c091
0x000070000e289910:   000070000e289968 0000000107f5c918
0x000070000e289920:   0000000000000000 0000000107f5c198 

Instructions: (pc=0x000000011e114cdd)
0x000000011e114cbd:   c0 e9 82 00 00 00 48 8b 5e 10 48 85 db 75 0e bf
0x000000011e114ccd:   01 00 00 00 48 8d 15 ef 76 03 00 eb d6 49 89 fe
0x000000011e114cdd:   4c 8b 3b 30 c0 e8 83 a3 02 00 49 8b 3f 49 89 c4
0x000000011e114ced:   48 8b 35 34 f9 05 00 30 c0 e8 cb a4 02 00 48 85 

Register to memory mapping:

RAX=0x00000000ffffffff is an unknown value
RBX=0x0000000000000002 is an unknown value
RCX=0x0000000000000047 is an unknown value
RDX=0x000000011e135844: Java_sun_java2d_opengl_OGLRenderQueue_flushBuffer+0xb5c in /Library/Java/JavaVirtualMachines/jdk1.8.0_102.jdk/Contents/Home/jre/lib/libawt_lwawt.dylib at 0x000000011e0fa000
RSP=0x000070000e289730 is pointing into the stack for thread: 0x00007ffd74180000
RBP=0x000070000e289750 is pointing into the stack for thread: 0x00007ffd74180000
RSI=0x00007ffd73785740 is an unknown value
RDI=0x00007ffd741801f8 is an unknown value
R8 =0x00000000000006cc is an unknown value
R9 =0x000000000096625e is an unknown value
R10=0x0000000108dc0eb8 is at entry_point+56 in (nmethod*)0x0000000108dc0d10
R11=0x0000000108dbec00 is at entry_point+0 in (nmethod*)0x0000000108dbea90
R12=0x0000000000000000 is an unknown value
R13=0x000070000e2898e8 is pointing into the stack for thread: 0x00007ffd74180000
R14=0x00007ffd741801f8 is an unknown value
R15=0x00007ffd74180000 is a thread


Stack: [0x000070000e18a000,0x000070000e28a000],  sp=0x000070000e289730,  free space=1021k
Native frames: (J=compiled Java code, j=interpreted, Vv=VM code, C=native code)
C  [libawt_lwawt.dylib+0x1acdd]  OGLSD_SetScratchSurface+0x49
C  [libawt_lwawt.dylib+0x3b322]  Java_sun_java2d_opengl_OGLRenderQueue_flushBuffer+0x63a
J 1063  sun.java2d.opengl.OGLRenderQueue.flushBuffer(JI)V (0 bytes) @ 0x0000000108dc0f2a [0x0000000108dc0e80+0xaa]
J 1160 C1 sun.java2d.opengl.OGLRenderQueue.flushBuffer()V (41 bytes) @ 0x0000000108dfaa7c [0x0000000108dfa820+0x25c]
J 1054 C1 sun.java2d.opengl.OGLRenderQueue.access$100(Lsun/java2d/opengl/OGLRenderQueue;)V (5 bytes) @ 0x0000000108dbec5c [0x0000000108dbec00+0x5c]
j  sun.java2d.opengl.OGLRenderQueue$QueueFlusher.run()V+81
v  ~StubRoutines::call_stub
V  [libjvm.dylib+0x2ed5e2]  JavaCalls::call_helper(JavaValue*, methodHandle*, JavaCallArguments*, Thread*)+0x6ae
V  [libjvm.dylib+0x2edd70]  JavaCalls::call_virtual(JavaValue*, KlassHandle, Symbol*, Symbol*, JavaCallArguments*, Thread*)+0x164
V  [libjvm.dylib+0x2edf1c]  JavaCalls::call_virtual(JavaValue*, Handle, KlassHandle, Symbol*, Symbol*, Thread*)+0x4a
V  [libjvm.dylib+0x348691]  thread_entry(JavaThread*, Thread*)+0x7c
V  [libjvm.dylib+0x56a4db]  JavaThread::thread_main_inner()+0x9b
V  [libjvm.dylib+0x56bbc8]  JavaThread::run()+0x1c2
V  [libjvm.dylib+0x489ed2]  java_start(Thread*)+0xf6
C  [libsystem_pthread.dylib+0x3aab]  _pthread_body+0xb4
C  [libsystem_pthread.dylib+0x39f7]  _pthread_body+0x0
C  [libsystem_pthread.dylib+0x31fd]  thread_start+0xd
C  0x0000000000000000

Java frames: (J=compiled Java code, j=interpreted, Vv=VM code)
J 1063  sun.java2d.opengl.OGLRenderQueue.flushBuffer(JI)V (0 bytes) @ 0x0000000108dc0eb8 [0x0000000108dc0e80+0x38]
J 1160 C1 sun.java2d.opengl.OGLRenderQueue.flushBuffer()V (41 bytes) @ 0x0000000108dfaa7c [0x0000000108dfa820+0x25c]
J 1054 C1 sun.java2d.opengl.OGLRenderQueue.access$100(Lsun/java2d/opengl/OGLRenderQueue;)V (5 bytes) @ 0x0000000108dbec5c [0x0000000108dbec00+0x5c]
j  sun.java2d.opengl.OGLRenderQueue$QueueFlusher.run()V+81
v  ~StubRoutines::call_stub

---------------  P R O C E S S  ---------------

Java Threads: ( => current thread )
  0x00007ffd748e6000 JavaThread "TimerQueue" daemon [_thread_blocked, id=27427, stack(0x000070000e516000,0x000070000e616000)]
  0x00007ffd73cf0800 JavaThread "DestroyJavaVM" [_thread_blocked, id=6915, stack(0x000070000d0d4000,0x000070000d1d4000)]
  0x00007ffd752e3000 JavaThread "AWT-EventQueue-0" [_thread_blocked, id=59923, stack(0x000070000e413000,0x000070000e513000)]
  0x00007ffd748a9000 JavaThread "Java2D Disposer" daemon [_thread_blocked, id=57103, stack(0x000070000e28d000,0x000070000e38d000)]
=>0x00007ffd74180000 JavaThread "Java2D Queue Flusher" daemon [_thread_in_native, id=55047, stack(0x000070000e18a000,0x000070000e28a000)]
  0x00007ffd7487d000 JavaThread "AWT-Shutdown" [_thread_blocked, id=30239, stack(0x000070000e004000,0x000070000e104000)]
  0x00007ffd751e0000 JavaThread "AppKit Thread" daemon [_thread_in_native, id=775, stack(0x00007fff5a0e4000,0x00007fff5a8e4000)]
  0x00007ffd7480d000 JavaThread "Service Thread" daemon [_thread_blocked, id=18179, stack(0x000070000dcf8000,0x000070000ddf8000)]
  0x00007ffd73829000 JavaThread "C1 CompilerThread2" daemon [_thread_blocked, id=17667, stack(0x000070000dbf5000,0x000070000dcf5000)]
  0x00007ffd73828000 JavaThread "C2 CompilerThread1" daemon [_thread_blocked, id=17155, stack(0x000070000daf2000,0x000070000dbf2000)]
  0x00007ffd7505f000 JavaThread "C2 CompilerThread0" daemon [_thread_in_native, id=16643, stack(0x000070000d9ef000,0x000070000daef000)]
  0x00007ffd7480c800 JavaThread "Signal Dispatcher" daemon [_thread_blocked, id=16131, stack(0x000070000d8ec000,0x000070000d9ec000)]
  0x00007ffd74008000 JavaThread "Finalizer" daemon [_thread_blocked, id=12291, stack(0x000070000d7e9000,0x000070000d8e9000)]
  0x00007ffd73812800 JavaThread "Reference Handler" daemon [_thread_blocked, id=11779, stack(0x000070000d6e6000,0x000070000d7e6000)]

Other Threads:
  0x00007ffd75057000 VMThread [stack: 0x000070000d5e3000,0x000070000d6e3000] [id=11267]
  0x00007ffd74803000 WatcherThread [stack: 0x000070000ddfb000,0x000070000defb000] [id=18691]

VM state:not at safepoint (normal execution)

VM Mutex/Monitor currently owned by a thread: None

Heap:
 PSYoungGen      total 38400K, used 9030K [0x0000000795580000, 0x0000000798000000, 0x00000007c0000000)
  eden space 33280K, 11% used [0x0000000795580000,0x0000000795956bc0,0x0000000797600000)
  from space 5120K, 99% used [0x0000000797600000,0x0000000797afae60,0x0000000797b00000)
  to   space 5120K, 0% used [0x0000000797b00000,0x0000000797b00000,0x0000000798000000)
 ParOldGen       total 87552K, used 9198K [0x0000000740000000, 0x0000000745580000, 0x0000000795580000)
  object space 87552K, 10% used [0x0000000740000000,0x00000007408fba00,0x0000000745580000)
 Metaspace       used 12860K, capacity 13140K, committed 13184K, reserved 1060864K
  class space    used 1585K, capacity 1664K, committed 1664K, reserved 1048576K

Card table byte_map: [0x000000010701a000,0x000000010741b000] byte_map_base: 0x000000010361a000

Marking Bits: (ParMarkBitMap*) 0x00000001064efd20
 Begin Bits: [0x0000000117a0f000, 0x0000000119a0f000)
 End Bits:   [0x0000000119a0f000, 0x000000011ba0f000)

Polling page: 0x00000001053dc000

CodeCache: size=245760Kb used=5900Kb max_used=6124Kb free=239859Kb
 bounds [0x0000000108a0f000, 0x000000010901f000, 0x0000000117a0f000]
 total_blobs=2276 nmethods=1755 adapters=433
 compilation: enabled

Compilation events (10 events):
Event: 174.270 Thread 0x00007ffd73829000 nmethod 1818 0x0000000108c1b350 code [0x0000000108c1b4e0, 0x0000000108c1b970]
Event: 174.270 Thread 0x00007ffd73829000 1821       3       java.lang.ref.ReferenceQueue::remove (6 bytes)
Event: 174.271 Thread 0x00007ffd73829000 nmethod 1821 0x0000000108c00190 code [0x0000000108c00300, 0x0000000108c00508]
Event: 174.271 Thread 0x00007ffd73829000 1822   !   3       java.lang.ref.ReferenceQueue::remove (125 bytes)
Event: 174.271 Thread 0x00007ffd73829000 nmethod 1822 0x0000000108c6e010 code [0x0000000108c6e200, 0x0000000108c6eab8]
Event: 174.272 Thread 0x00007ffd73829000 1823   !   3       sun.java2d.Disposer::clearDeferredRecords (70 bytes)
Event: 174.273 Thread 0x00007ffd7505f000 1825   !   4       sun.awt.PostEventQueue::flush (168 bytes)
Event: 174.273 Thread 0x00007ffd73829000 nmethod 1823 0x0000000108d358d0 code [0x0000000108d35b20, 0x0000000108d366b8]
Event: 174.273 Thread 0x00007ffd73829000 1824       3       sun.java2d.DefaultDisposerRecord::dispose (12 bytes)
Event: 174.273 Thread 0x00007ffd73829000 nmethod 1824 0x0000000108b4a390 code [0x0000000108b4a500, 0x0000000108b4a688]

GC Heap History (2 events):
Event: 174.198 GC heap before
{Heap before GC invocations=1 (full 0):
 PSYoungGen      total 38400K, used 32974K [0x0000000795580000, 0x0000000798000000, 0x00000007c0000000)
  eden space 33280K, 99% used [0x0000000795580000,0x00000007975b39a0,0x0000000797600000)
  from space 5120K, 0% used [0x0000000797b00000,0x0000000797b00000,0x0000000798000000)
  to   space 5120K, 0% used [0x0000000797600000,0x0000000797600000,0x0000000797b00000)
 ParOldGen       total 87552K, used 0K [0x0000000740000000, 0x0000000745580000, 0x0000000795580000)
  object space 87552K, 0% used [0x0000000740000000,0x0000000740000000,0x0000000745580000)
 Metaspace       used 12840K, capacity 13140K, committed 13184K, reserved 1060864K
  class space    used 1581K, capacity 1664K, committed 1664K, reserved 1048576K
Event: 174.260 GC heap after
Heap after GC invocations=1 (full 0):
 PSYoungGen      total 38400K, used 5099K [0x0000000795580000, 0x0000000798000000, 0x00000007c0000000)
  eden space 33280K, 0% used [0x0000000795580000,0x0000000795580000,0x0000000797600000)
  from space 5120K, 99% used [0x0000000797600000,0x0000000797afae60,0x0000000797b00000)
  to   space 5120K, 0% used [0x0000000797b00000,0x0000000797b00000,0x0000000798000000)
 ParOldGen       total 87552K, used 9198K [0x0000000740000000, 0x0000000745580000, 0x0000000795580000)
  object space 87552K, 10% used [0x0000000740000000,0x00000007408fba00,0x0000000745580000)
 Metaspace       used 12840K, capacity 13140K, committed 13184K, reserved 1060864K
  class space    used 1581K, capacity 1664K, committed 1664K, reserved 1048576K
}

Deoptimization events (9 events):
Event: 4.342 Thread 0x00007ffd75001800 Uncommon trap: reason=unstable_if action=reinterpret pc=0x0000000108bddc40 method=java.lang.String.toLowerCase(Ljava/util/Locale;)Ljava/lang/String; @ 85
Event: 16.468 Thread 0x00007ffd752e3000 Uncommon trap: reason=class_check action=maybe_recompile pc=0x0000000108b7b85c method=java.lang.String.equals(Ljava/lang/Object;)Z @ 8
Event: 16.468 Thread 0x00007ffd752e3000 Uncommon trap: reason=class_check action=maybe_recompile pc=0x0000000108b7b85c method=java.lang.String.equals(Ljava/lang/Object;)Z @ 8
Event: 16.470 Thread 0x00007ffd752e3000 Uncommon trap: reason=class_check action=maybe_recompile pc=0x0000000108b7b85c method=java.lang.String.equals(Ljava/lang/Object;)Z @ 8
Event: 16.470 Thread 0x00007ffd752e3000 Uncommon trap: reason=class_check action=maybe_recompile pc=0x0000000108b7b85c method=java.lang.String.equals(Ljava/lang/Object;)Z @ 8
Event: 132.223 Thread 0x00007ffd751e0000 Uncommon trap: reason=unstable_if action=reinterpret pc=0x0000000108e53050 method=java.awt.EventQueue.getPriority(Ljava/awt/AWTEvent;)I @ 22
Event: 147.768 Thread 0x00007ffd752e3000 Uncommon trap: reason=unstable_if action=reinterpret pc=0x0000000108bfa378 method=java.lang.String.replace(CC)Ljava/lang/String; @ 26
Event: 154.043 Thread 0x00007ffd752e3000 Uncommon trap: reason=unstable_if action=reinterpret pc=0x0000000108bef0d8 method=java.util.concurrent.locks.ReentrantLock$Sync.nonfairTryAcquire(I)Z @ 19
Event: 174.088 Thread 0x00007ffd752e3000 Uncommon trap: reason=null_check action=make_not_entrant pc=0x0000000108bc34a4 method=sun.awt.AppContext.getSoftReferenceValue(Ljava/lang/Object;Ljava/util/function/Supplier;)Ljava/lang/Object; @ 9

Internal exceptions (10 events):
Event: 0.051 Thread 0x00007ffd75001800 Exception <a 'java/lang/NoSuchMethodError': Method sun.misc.Unsafe.prefetchRead(Ljava/lang/Object;J)V name or signature does not match> (0x0000000795587f60) thrown at [/Users/java_re/workspace/8-2-build-macosx-x86_64/jdk8u102/7268/hotspot/src/share/vm/pri
Event: 0.337 Thread 0x00007ffd75001800 Exception <a 'java/security/PrivilegedActionException'> (0x0000000795617200) thrown at [/Users/java_re/workspace/8-2-build-macosx-x86_64/jdk8u102/7268/hotspot/src/share/vm/prims/jvm.cpp, line 1386]
Event: 0.337 Thread 0x00007ffd75001800 Exception <a 'java/security/PrivilegedActionException'> (0x0000000795617410) thrown at [/Users/java_re/workspace/8-2-build-macosx-x86_64/jdk8u102/7268/hotspot/src/share/vm/prims/jvm.cpp, line 1386]
Event: 0.338 Thread 0x00007ffd75001800 Exception <a 'java/security/PrivilegedActionException'> (0x000000079561a718) thrown at [/Users/java_re/workspace/8-2-build-macosx-x86_64/jdk8u102/7268/hotspot/src/share/vm/prims/jvm.cpp, line 1386]
Event: 0.338 Thread 0x00007ffd75001800 Exception <a 'java/security/PrivilegedActionException'> (0x000000079561a928) thrown at [/Users/java_re/workspace/8-2-build-macosx-x86_64/jdk8u102/7268/hotspot/src/share/vm/prims/jvm.cpp, line 1386]
Event: 0.419 Thread 0x00007ffd75001800 Exception <a 'java/lang/NoSuchFieldError': method resolution failed> (0x000000079578e218) thrown at [/Users/java_re/workspace/8-2-build-macosx-x86_64/jdk8u102/7268/hotspot/src/share/vm/prims/methodHandles.cpp, line 1146]
Event: 0.423 Thread 0x00007ffd75001800 Exception <a 'java/lang/NoSuchFieldError': method resolution failed> (0x000000079579b9e8) thrown at [/Users/java_re/workspace/8-2-build-macosx-x86_64/jdk8u102/7268/hotspot/src/share/vm/prims/methodHandles.cpp, line 1146]
Event: 0.782 Thread 0x00007ffd75001800 Exception <a 'java/io/FileNotFoundException'> (0x00000007958161b8) thrown at [/Users/java_re/workspace/8-2-build-macosx-x86_64/jdk8u102/7268/hotspot/src/share/vm/prims/jni.cpp, line 709]
Event: 0.782 Thread 0x00007ffd75001800 Exception <a 'java/io/FileNotFoundException'> (0x0000000795816d28) thrown at [/Users/java_re/workspace/8-2-build-macosx-x86_64/jdk8u102/7268/hotspot/src/share/vm/prims/jni.cpp, line 709]
Event: 174.088 Thread 0x00007ffd752e3000 Implicit null exception at 0x0000000108bc3360 to 0x0000000108bc348a

Events (10 events):
Event: 174.268 Thread 0x00007ffd73829000 flushing nmethod 0x0000000108c78310
Event: 174.268 Thread 0x00007ffd73829000 flushing nmethod 0x0000000108c84450
Event: 174.268 Thread 0x00007ffd73829000 flushing nmethod 0x0000000108ca3a50
Event: 174.268 Thread 0x00007ffd73829000 flushing nmethod 0x0000000108ca75d0
Event: 174.268 Thread 0x00007ffd73829000 flushing nmethod 0x0000000108cac550
Event: 174.268 Thread 0x00007ffd73829000 flushing nmethod 0x0000000108cadf10
Event: 174.268 Thread 0x00007ffd73829000 flushing nmethod 0x0000000108cd5c50
Event: 174.269 Thread 0x00007ffd7505f000 flushing nmethod 0x0000000108cee790
Event: 174.269 Thread 0x00007ffd7505f000 flushing nmethod 0x0000000108cfa910
Event: 174.269 Thread 0x00007ffd73829000 flushing nmethod 0x0000000108d356d0


Dynamic libraries:
0x000000001e4d7000 	/System/Library/Frameworks/Cocoa.framework/Versions/A/Cocoa
0x000000001e4d7000 	/System/Library/Frameworks/Security.framework/Versions/A/Security
0x000000001e4d7000 	/System/Library/Frameworks/ApplicationServices.framework/Versions/A/ApplicationServices
0x000000001e4d7000 	/usr/lib/libz.1.dylib
0x000000001e4d7000 	/usr/lib/libSystem.B.dylib
0x000000001e4d7000 	/usr/lib/libobjc.A.dylib
0x000000001e4d7000 	/System/Library/Frameworks/CoreFoundation.framework/Versions/A/CoreFoundation
0x000000001e4d7000 	/System/Library/Frameworks/Foundation.framework/Versions/C/Foundation
0x000000001e4d7000 	/System/Library/Frameworks/AppKit.framework/Versions/C/AppKit
0x000000001e4d7000 	/System/Library/Frameworks/CoreData.framework/Versions/A/CoreData
0x000000001e4d7000 	/System/Library/PrivateFrameworks/RemoteViewServices.framework/Versions/A/RemoteViewServices
0x000000001e4d7000 	/System/Library/PrivateFrameworks/UIFoundation.framework/Versions/A/UIFoundation
0x000000001e4d7000 	/System/Library/PrivateFrameworks/DFRFoundation.framework/Versions/A/DFRFoundation
0x000000001e4d7000 	/usr/lib/libenergytrace.dylib
0x000000001e4d7000 	/System/Library/PrivateFrameworks/SkyLight.framework/Versions/A/SkyLight
0x000000001e4d7000 	/System/Library/Frameworks/CoreGraphics.framework/Versions/A/CoreGraphics
0x000000001e4d7000 	/usr/lib/libScreenReader.dylib
0x000000001e4d7000 	/System/Library/Frameworks/Accelerate.framework/Versions/A/Accelerate
0x000000001e4d7000 	/System/Library/Frameworks/IOSurface.framework/Versions/A/IOSurface
0x000000001e4d7000 	/System/Library/Frameworks/AudioToolbox.framework/Versions/A/AudioToolbox
0x000000001e4d7000 	/System/Library/Frameworks/AudioUnit.framework/Versions/A/AudioUnit
0x000000001e4d7000 	/System/Library/PrivateFrameworks/DataDetectorsCore.framework/Versions/A/DataDetectorsCore
0x000000001e4d7000 	/System/Library/PrivateFrameworks/DesktopServicesPriv.framework/Versions/A/DesktopServicesPriv
0x000000001e4d7000 	/System/Library/Frameworks/Carbon.framework/Versions/A/Frameworks/HIToolbox.framework/Versions/A/HIToolbox
0x000000001e4d7000 	/usr/lib/libicucore.A.dylib
0x000000001e4d7000 	/System/Library/Frameworks/QuartzCore.framework/Versions/A/QuartzCore
0x000000001e4d7000 	/System/Library/Frameworks/Carbon.framework/Versions/A/Frameworks/SpeechRecognition.framework/Versions/A/SpeechRecognition
0x000000001e4d7000 	/usr/lib/libauto.dylib
0x000000001e4d7000 	/usr/lib/libxml2.2.dylib
0x000000001e4d7000 	/System/Library/PrivateFrameworks/CoreUI.framework/Versions/A/CoreUI
0x000000001e4d7000 	/System/Library/Frameworks/CoreAudio.framework/Versions/A/CoreAudio
0x000000001e4d7000 	/System/Library/Frameworks/DiskArbitration.framework/Versions/A/DiskArbitration
0x000000001e4d7000 	/usr/lib/liblangid.dylib
0x000000001e4d7000 	/System/Library/PrivateFrameworks/MultitouchSupport.framework/Versions/A/MultitouchSupport
0x000000001e4d7000 	/System/Library/Frameworks/IOKit.framework/Versions/A/IOKit
0x000000001e4d7000 	/usr/lib/libDiagnosticMessagesClient.dylib
0x000000001e4d7000 	/System/Library/Frameworks/CoreServices.framework/Versions/A/CoreServices
0x000000001e4d7000 	/System/Library/PrivateFrameworks/PerformanceAnalysis.framework/Versions/A/PerformanceAnalysis
0x000000001e4d7000 	/System/Library/PrivateFrameworks/GenerationalStorage.framework/Versions/A/GenerationalStorage
0x000000001e4d7000 	/System/Library/Frameworks/OpenGL.framework/Versions/A/OpenGL
0x000000001e4d7000 	/System/Library/Frameworks/CoreImage.framework/Versions/A/CoreImage
0x000000001e4d7000 	/System/Library/Frameworks/CoreText.framework/Versions/A/CoreText
0x000000001e4d7000 	/System/Library/Frameworks/ImageIO.framework/Versions/A/ImageIO
0x000000001e4d7000 	/System/Library/PrivateFrameworks/Backup.framework/Versions/A/Backup
0x000000001e4d7000 	/usr/lib/libarchive.2.dylib
0x000000001e4d7000 	/System/Library/Frameworks/CFNetwork.framework/Versions/A/CFNetwork
0x000000001e4d7000 	/System/Library/Frameworks/SystemConfiguration.framework/Versions/A/SystemConfiguration
0x000000001e4d7000 	/usr/lib/libCRFSuite.dylib
0x000000001e4d7000 	/usr/lib/libc++.1.dylib
0x000000001e4d7000 	/usr/lib/libc++abi.dylib
0x000000001e4d7000 	/usr/lib/system/libcache.dylib
0x000000001e4d7000 	/usr/lib/system/libcommonCrypto.dylib
0x000000001e4d7000 	/usr/lib/system/libcompiler_rt.dylib
0x000000001e4d7000 	/usr/lib/system/libcopyfile.dylib
0x000000001e4d7000 	/usr/lib/system/libcorecrypto.dylib
0x000000001e4d7000 	/usr/lib/system/libdispatch.dylib
0x000000001e4d7000 	/usr/lib/system/libdyld.dylib
0x000000001e4d7000 	/usr/lib/system/libkeymgr.dylib
0x000000001e4d7000 	/usr/lib/system/liblaunch.dylib
0x000000001e4d7000 	/usr/lib/system/libmacho.dylib
0x000000001e4d7000 	/usr/lib/system/libquarantine.dylib
0x000000001e4d7000 	/usr/lib/system/libremovefile.dylib
0x000000001e4d7000 	/usr/lib/system/libsystem_asl.dylib
0x000000001e4d7000 	/usr/lib/system/libsystem_blocks.dylib
0x000000001e4d7000 	/usr/lib/system/libsystem_c.dylib
0x000000001e4d7000 	/usr/lib/system/libsystem_configuration.dylib
0x000000001e4d7000 	/usr/lib/system/libsystem_coreservices.dylib
0x000000001e4d7000 	/usr/lib/system/libsystem_coretls.dylib
0x000000001e4d7000 	/usr/lib/system/libsystem_dnssd.dylib
0x000000001e4d7000 	/usr/lib/system/libsystem_info.dylib
0x000000001e4d7000 	/usr/lib/system/libsystem_kernel.dylib
0x000000001e4d7000 	/usr/lib/system/libsystem_m.dylib
0x000000001e4d7000 	/usr/lib/system/libsystem_malloc.dylib
0x000000001e4d7000 	/usr/lib/system/libsystem_network.dylib
0x000000001e4d7000 	/usr/lib/system/libsystem_networkextension.dylib
0x000000001e4d7000 	/usr/lib/system/libsystem_notify.dylib
0x000000001e4d7000 	/usr/lib/system/libsystem_platform.dylib
0x000000001e4d7000 	/usr/lib/system/libsystem_pthread.dylib
0x000000001e4d7000 	/usr/lib/system/libsystem_sandbox.dylib
0x000000001e4d7000 	/usr/lib/system/libsystem_secinit.dylib
0x000000001e4d7000 	/usr/lib/system/libsystem_symptoms.dylib
0x000000001e4d7000 	/usr/lib/system/libsystem_trace.dylib
0x000000001e4d7000 	/usr/lib/system/libunwind.dylib
0x000000001e4d7000 	/usr/lib/system/libxpc.dylib
0x000000001e4d7000 	/usr/lib/libbsm.0.dylib
0x000000001e4d7000 	/usr/lib/system/libkxld.dylib
0x000000001e4d7000 	/usr/lib/libcoretls.dylib
0x000000001e4d7000 	/usr/lib/libcoretls_cfhelpers.dylib
0x000000001e4d7000 	/usr/lib/libxar.1.dylib
0x000000001e4d7000 	/usr/lib/libsqlite3.dylib
0x000000001e4d7000 	/usr/lib/libpam.2.dylib
0x000000001e4d7000 	/usr/lib/libOpenScriptingUtil.dylib
0x000000001e4d7000 	/usr/lib/libbz2.1.0.dylib
0x000000001e4d7000 	/usr/lib/liblzma.5.dylib
0x000000001e4d7000 	/usr/lib/libnetwork.dylib
0x000000001e4d7000 	/usr/lib/libpcap.A.dylib
0x000000001e4d7000 	/System/Library/Frameworks/CoreServices.framework/Versions/A/Frameworks/FSEvents.framework/Versions/A/FSEvents
0x000000001e4d7000 	/System/Library/Frameworks/CoreServices.framework/Versions/A/Frameworks/CarbonCore.framework/Versions/A/CarbonCore
0x000000001e4d7000 	/System/Library/Frameworks/CoreServices.framework/Versions/A/Frameworks/Metadata.framework/Versions/A/Metadata
0x000000001e4d7000 	/System/Library/Frameworks/CoreServices.framework/Versions/A/Frameworks/OSServices.framework/Versions/A/OSServices
0x000000001e4d7000 	/System/Library/Frameworks/CoreServices.framework/Versions/A/Frameworks/SearchKit.framework/Versions/A/SearchKit
0x000000001e4d7000 	/System/Library/Frameworks/CoreServices.framework/Versions/A/Frameworks/AE.framework/Versions/A/AE
0x000000001e4d7000 	/System/Library/Frameworks/CoreServices.framework/Versions/A/Frameworks/LaunchServices.framework/Versions/A/LaunchServices
0x000000001e4d7000 	/System/Library/Frameworks/CoreServices.framework/Versions/A/Frameworks/DictionaryServices.framework/Versions/A/DictionaryServices
0x000000001e4d7000 	/System/Library/Frameworks/CoreServices.framework/Versions/A/Frameworks/SharedFileList.framework/Versions/A/SharedFileList
0x000000001e4d7000 	/System/Library/Frameworks/NetFS.framework/Versions/A/NetFS
0x000000001e4d7000 	/System/Library/PrivateFrameworks/NetAuth.framework/Versions/A/NetAuth
0x000000001e4d7000 	/System/Library/PrivateFrameworks/login.framework/Versions/A/Frameworks/loginsupport.framework/Versions/A/loginsupport
0x000000001e4d7000 	/System/Library/PrivateFrameworks/TCC.framework/Versions/A/TCC
0x000000001e4d7000 	/usr/lib/libmecabra.dylib
0x000000001e4d7000 	/System/Library/Frameworks/ApplicationServices.framework/Versions/A/Frameworks/ATS.framework/Versions/A/ATS
0x000000001e4d7000 	/System/Library/Frameworks/ApplicationServices.framework/Versions/A/Frameworks/ColorSync.framework/Versions/A/ColorSync
0x000000001e4d7000 	/System/Library/Frameworks/ApplicationServices.framework/Versions/A/Frameworks/HIServices.framework/Versions/A/HIServices
0x000000001e4d7000 	/System/Library/Frameworks/ApplicationServices.framework/Versions/A/Frameworks/LangAnalysis.framework/Versions/A/LangAnalysis
0x000000001e4d7000 	/System/Library/Frameworks/ApplicationServices.framework/Versions/A/Frameworks/PrintCore.framework/Versions/A/PrintCore
0x000000001e4d7000 	/System/Library/Frameworks/ApplicationServices.framework/Versions/A/Frameworks/QD.framework/Versions/A/QD
0x000000001e4d7000 	/System/Library/Frameworks/ApplicationServices.framework/Versions/A/Frameworks/SpeechSynthesis.framework/Versions/A/SpeechSynthesis
0x000000001e4d7000 	/System/Library/Frameworks/Accelerate.framework/Versions/A/Frameworks/vImage.framework/Versions/A/vImage
0x000000001e4d7000 	/System/Library/Frameworks/Accelerate.framework/Versions/A/Frameworks/vecLib.framework/Versions/A/vecLib
0x000000001e4d7000 	/System/Library/Frameworks/Accelerate.framework/Versions/A/Frameworks/vecLib.framework/Versions/A/libvDSP.dylib
0x000000001e4d7000 	/System/Library/Frameworks/Accelerate.framework/Versions/A/Frameworks/vecLib.framework/Versions/A/libBNNS.dylib
0x000000001e4d7000 	/System/Library/Frameworks/Accelerate.framework/Versions/A/Frameworks/vecLib.framework/Versions/A/libQuadrature.dylib
0x000000001e4d7000 	/System/Library/Frameworks/Accelerate.framework/Versions/A/Frameworks/vecLib.framework/Versions/A/libvMisc.dylib
0x000000001e4d7000 	/System/Library/Frameworks/Accelerate.framework/Versions/A/Frameworks/vecLib.framework/Versions/A/libLAPACK.dylib
0x000000001e4d7000 	/System/Library/Frameworks/Accelerate.framework/Versions/A/Frameworks/vecLib.framework/Versions/A/libBLAS.dylib
0x000000001e4d7000 	/System/Library/Frameworks/Accelerate.framework/Versions/A/Frameworks/vecLib.framework/Versions/A/libLinearAlgebra.dylib
0x000000001e4d7000 	/System/Library/Frameworks/Accelerate.framework/Versions/A/Frameworks/vecLib.framework/Versions/A/libSparseBLAS.dylib
0x000000001e4d7000 	/System/Library/Frameworks/ApplicationServices.framework/Versions/A/Frameworks/ATS.framework/Versions/A/Resources/libFontParser.dylib
0x000000001e4d7000 	/System/Library/Frameworks/ApplicationServices.framework/Versions/A/Frameworks/ATS.framework/Versions/A/Resources/libFontRegistry.dylib
0x000000001e4d7000 	/System/Library/Frameworks/ImageIO.framework/Versions/A/Resources/libJPEG.dylib
0x000000001e4d7000 	/System/Library/Frameworks/ImageIO.framework/Versions/A/Resources/libTIFF.dylib
0x000000001e4d7000 	/System/Library/Frameworks/ImageIO.framework/Versions/A/Resources/libPng.dylib
0x000000001e4d7000 	/System/Library/Frameworks/ImageIO.framework/Versions/A/Resources/libGIF.dylib
0x000000001e4d7000 	/System/Library/Frameworks/ImageIO.framework/Versions/A/Resources/libJP2.dylib
0x000000001e4d7000 	/System/Library/Frameworks/ImageIO.framework/Versions/A/Resources/libRadiance.dylib
0x000000001e4d7000 	/usr/lib/libcompression.dylib
0x000000001e4d7000 	/System/Library/PrivateFrameworks/AppleJPEG.framework/Versions/A/AppleJPEG
0x000000001e4d7000 	/usr/lib/libcups.2.dylib
0x000000001e4d7000 	/System/Library/Frameworks/Kerberos.framework/Versions/A/Kerberos
0x000000001e4d7000 	/System/Library/Frameworks/GSS.framework/Versions/A/GSS
0x000000001e4d7000 	/usr/lib/libresolv.9.dylib
0x000000001e4d7000 	/usr/lib/libiconv.2.dylib
0x000000001e4d7000 	/System/Library/PrivateFrameworks/Heimdal.framework/Versions/A/Heimdal
0x000000001e4d7000 	/usr/lib/libheimdal-asn1.dylib
0x000000001e4d7000 	/System/Library/Frameworks/OpenDirectory.framework/Versions/A/OpenDirectory
0x000000001e4d7000 	/System/Library/PrivateFrameworks/CommonAuth.framework/Versions/A/CommonAuth
0x000000001e4d7000 	/System/Library/Frameworks/OpenDirectory.framework/Versions/A/Frameworks/CFOpenDirectory.framework/Versions/A/CFOpenDirectory
0x000000001e4d7000 	/System/Library/Frameworks/SecurityFoundation.framework/Versions/A/SecurityFoundation
0x000000001e4d7000 	/System/Library/PrivateFrameworks/LanguageModeling.framework/Versions/A/LanguageModeling
0x000000001e4d7000 	/usr/lib/libmarisa.dylib
0x000000001e4d7000 	/usr/lib/libChineseTokenizer.dylib
0x000000001e4d7000 	/usr/lib/libcmph.dylib
0x000000001e4d7000 	/System/Library/PrivateFrameworks/CoreEmoji.framework/Versions/A/CoreEmoji
0x000000001e4d7000 	/System/Library/Frameworks/ServiceManagement.framework/Versions/A/ServiceManagement
0x000000001e4d7000 	/usr/lib/libxslt.1.dylib
0x000000001e4d7000 	/System/Library/Frameworks/Carbon.framework/Versions/A/Frameworks/Ink.framework/Versions/A/Ink
0x000000001e4d7000 	/System/Library/PrivateFrameworks/TextureIO.framework/Versions/A/TextureIO
0x000000001e4d7000 	/System/Library/Frameworks/Metal.framework/Versions/A/Metal
0x000000001e4d7000 	/usr/lib/libate.dylib
0x000000001e4d7000 	/System/Library/PrivateFrameworks/GPUCompiler.framework/libmetal_timestamp.dylib
0x000000001e4d7000 	/System/Library/Frameworks/OpenGL.framework/Versions/A/Libraries/libCoreFSCache.dylib
0x000000001e4d7000 	/System/Library/PrivateFrameworks/IOAccelerator.framework/Versions/A/IOAccelerator
0x000000001e4d7000 	/System/Library/Frameworks/CoreVideo.framework/Versions/A/CoreVideo
0x000000001e4d7000 	/usr/lib/libFosl_dynamic.dylib
0x000000001e4d7000 	/System/Library/PrivateFrameworks/MetalPerformanceShaders.framework/Versions/A/MetalPerformanceShaders
0x000000001e4d7000 	/System/Library/PrivateFrameworks/FaceCore.framework/Versions/A/FaceCore
0x000000001e4d7000 	/System/Library/Frameworks/OpenCL.framework/Versions/A/OpenCL
0x000000001e4d7000 	/System/Library/Frameworks/OpenGL.framework/Versions/A/Libraries/libGLU.dylib
0x000000001e4d7000 	/System/Library/Frameworks/OpenGL.framework/Versions/A/Libraries/libGFXShared.dylib
0x000000001e4d7000 	/System/Library/Frameworks/OpenGL.framework/Versions/A/Libraries/libGL.dylib
0x000000001e4d7000 	/System/Library/Frameworks/OpenGL.framework/Versions/A/Libraries/libGLImage.dylib
0x000000001e4d7000 	/System/Library/Frameworks/OpenGL.framework/Versions/A/Libraries/libCVMSPluginSupport.dylib
0x000000001e4d7000 	/System/Library/Frameworks/OpenGL.framework/Versions/A/Libraries/libCoreVMClient.dylib
0x000000001e4d7000 	/System/Library/PrivateFrameworks/CrashReporterSupport.framework/Versions/A/CrashReporterSupport
0x000000001e4d7000 	/System/Library/PrivateFrameworks/Sharing.framework/Versions/A/Sharing
0x000000001e4d7000 	/System/Library/PrivateFrameworks/IconServices.framework/Versions/A/IconServices
0x000000001e4d7000 	/System/Library/PrivateFrameworks/ProtocolBuffer.framework/Versions/A/ProtocolBuffer
0x000000001e4d7000 	/System/Library/PrivateFrameworks/Apple80211.framework/Versions/A/Apple80211
0x000000001e4d7000 	/System/Library/Frameworks/CoreWLAN.framework/Versions/A/CoreWLAN
0x000000001e4d7000 	/System/Library/PrivateFrameworks/CoreUtils.framework/Versions/A/CoreUtils
0x000000001e4d7000 	/System/Library/Frameworks/IOBluetooth.framework/Versions/A/IOBluetooth
0x000000001e4d7000 	/System/Library/PrivateFrameworks/CoreWiFi.framework/Versions/A/CoreWiFi
0x000000001e4d7000 	/System/Library/Frameworks/CoreBluetooth.framework/Versions/A/CoreBluetooth
0x000000001e4d7000 	/System/Library/Frameworks/CoreDisplay.framework/Versions/A/CoreDisplay
0x000000001e4d7000 	/System/Library/PrivateFrameworks/IOPresentment.framework/Versions/A/IOPresentment
0x000000001e4d7000 	/System/Library/PrivateFrameworks/DebugSymbols.framework/Versions/A/DebugSymbols
0x000000001e4d7000 	/System/Library/PrivateFrameworks/CoreSymbolication.framework/Versions/A/CoreSymbolication
0x000000001e4d7000 	/System/Library/PrivateFrameworks/Symbolication.framework/Versions/A/Symbolication
0x000000001e4d7000 	/System/Library/PrivateFrameworks/AppleFSCompression.framework/Versions/A/AppleFSCompression
0x000000001e4d7000 	/System/Library/PrivateFrameworks/SpeechRecognitionCore.framework/Versions/A/SpeechRecognitionCore
0x000000001e4d7000 	/System/Library/PrivateFrameworks/ChunkingLibrary.framework/Versions/A/ChunkingLibrary
0x0000000105c00000 	/Library/Java/JavaVirtualMachines/jdk1.8.0_102.jdk/Contents/Home/jre/lib/server/libjvm.dylib
0x0000000106ba1000 	/usr/lib/libstdc++.6.dylib
0x0000000105399000 	/Library/Java/JavaVirtualMachines/jdk1.8.0_102.jdk/Contents/Home/jre/lib/libverify.dylib
0x00000001053a7000 	/Library/Java/JavaVirtualMachines/jdk1.8.0_102.jdk/Contents/Home/jre/lib/libjava.dylib
0x00000001053e6000 	/Library/Java/JavaVirtualMachines/jdk1.8.0_102.jdk/Contents/Home/jre/lib/libzip.dylib
0x000000011c64f000 	/System/Library/Frameworks/JavaVM.framework/Frameworks/JavaRuntimeSupport.framework/JavaRuntimeSupport
0x000000011c669000 	/System/Library/Frameworks/JavaVM.framework/Versions/A/Frameworks/JavaNativeFoundation.framework/Versions/A/JavaNativeFoundation
0x00000001053f0000 	/System/Library/Frameworks/JavaVM.framework/Versions/A/JavaVM
0x000000001e4d7000 	/System/Library/Frameworks/Carbon.framework/Versions/A/Carbon
0x000000011c67e000 	/System/Library/PrivateFrameworks/JavaLaunching.framework/Versions/A/JavaLaunching
0x000000001e4d7000 	/System/Library/Frameworks/Carbon.framework/Versions/A/Frameworks/CommonPanels.framework/Versions/A/CommonPanels
0x000000001e4d7000 	/System/Library/Frameworks/Carbon.framework/Versions/A/Frameworks/Help.framework/Versions/A/Help
0x000000001e4d7000 	/System/Library/Frameworks/Carbon.framework/Versions/A/Frameworks/ImageCapture.framework/Versions/A/ImageCapture
0x000000001e4d7000 	/System/Library/Frameworks/Carbon.framework/Versions/A/Frameworks/OpenScripting.framework/Versions/A/OpenScripting
0x000000001e4d7000 	/System/Library/Frameworks/Carbon.framework/Versions/A/Frameworks/Print.framework/Versions/A/Print
0x000000001e4d7000 	/System/Library/Frameworks/Carbon.framework/Versions/A/Frameworks/SecurityHI.framework/Versions/A/SecurityHI
0x000000011df86000 	/Library/Java/JavaVirtualMachines/jdk1.8.0_102.jdk/Contents/Home/jre/lib/libawt.dylib
0x000000011e02e000 	/Library/Java/JavaVirtualMachines/jdk1.8.0_102.jdk/Contents/Home/jre/lib/./libmlib_image.dylib
0x000000011e0fa000 	/Library/Java/JavaVirtualMachines/jdk1.8.0_102.jdk/Contents/Home/jre/lib/libawt_lwawt.dylib
0x000000011e1af000 	/Library/Java/JavaVirtualMachines/jdk1.8.0_102.jdk/Contents/Home/jre/lib/./libosxapp.dylib
0x000000001e4d7000 	/System/Library/Frameworks/ExceptionHandling.framework/Versions/A/ExceptionHandling
0x000000001e4d7000 	/System/Library/PrivateFrameworks/CoreServicesInternal.framework/Versions/A/CoreServicesInternal
0x000000001e4d7000 	/System/Library/CoreServices/RawCamera.bundle/Contents/MacOS/RawCamera
0x000000011e609000 	/System/Library/Frameworks/Accelerate.framework/Frameworks/vImage.framework/Versions/A/Libraries/libCGInterfaces.dylib
0x000000001e4d7000 	/System/Library/Frameworks/ApplicationServices.framework/Versions/A/Frameworks/ATS.framework/Versions/A/Resources/libTrueTypeScaler.dylib
0x000000011fd97000 	/System/Library/Frameworks/OpenGL.framework/Resources/GLEngine.bundle/GLEngine
0x000000011ff7b000 	/System/Library/Frameworks/OpenGL.framework/Versions/A/Libraries/libGLProgrammability.dylib
0x00000001203a9000 	/System/Library/Extensions/AppleIntelBDWGraphicsGLDriver.bundle/Contents/MacOS/AppleIntelBDWGraphicsGLDriver
0x000000001e4d7000 	/System/Library/PrivateFrameworks/GPUSupport.framework/Versions/A/Libraries/libGPUSupportMercury.dylib
0x000000011f017000 	/System/Library/Frameworks/OpenGL.framework/Resources//GLRendererFloat.bundle/GLRendererFloat
0x000000001e4d7000 	/System/Library/Frameworks/OpenCL.framework/Versions/A/Libraries/libcldcpuengine.dylib
0x000000001e4d7000 	/usr/lib/libcrypto.0.9.8.dylib
0x000000001e4d7000 	/System/Library/PrivateFrameworks/TrustEvaluationAgent.framework/Versions/A/TrustEvaluationAgent
0x0000000120b05000 	/System/Library/Extensions/AppleIntelBDWGraphicsMTLDriver.bundle/Contents/MacOS/AppleIntelBDWGraphicsMTLDriver
0x000000001e4d7000 	/System/Library/PrivateFrameworks/FamilyControls.framework/Versions/A/FamilyControls
0x000000001e4d7000 	/System/Library/PrivateFrameworks/CommerceKit.framework/Versions/A/Frameworks/CommerceCore.framework/Versions/A/CommerceCore
0x000000001e4d7000 	/System/Library/PrivateFrameworks/SystemAdministration.framework/Versions/A/SystemAdministration
0x000000001e4d7000 	/System/Library/PrivateFrameworks/AppContainer.framework/Versions/A/AppContainer
0x000000001e4d7000 	/System/Library/PrivateFrameworks/SecCodeWrapper.framework/Versions/A/SecCodeWrapper
0x000000001e4d7000 	/System/Library/Frameworks/DirectoryService.framework/Versions/A/DirectoryService
0x000000001e4d7000 	/System/Library/PrivateFrameworks/DiskImages.framework/Versions/A/DiskImages
0x000000001e4d7000 	/System/Library/PrivateFrameworks/LoginUIKit.framework/Versions/A/Frameworks/LoginUICore.framework/Versions/A/LoginUICore
0x000000001e4d7000 	/usr/lib/libCoreStorage.dylib
0x000000001e4d7000 	/usr/lib/libcsfde.dylib
0x000000001e4d7000 	/usr/lib/libodfde.dylib
0x000000001e4d7000 	/System/Library/Frameworks/DiscRecording.framework/Versions/A/DiscRecording
0x000000001e4d7000 	/usr/lib/libcurl.4.dylib
0x000000001e4d7000 	/System/Library/PrivateFrameworks/MediaKit.framework/Versions/A/MediaKit
0x000000001e4d7000 	/System/Library/PrivateFrameworks/ProtectedCloudStorage.framework/Versions/A/ProtectedCloudStorage
0x000000001e4d7000 	/System/Library/PrivateFrameworks/EFILogin.framework/Versions/A/EFILogin
0x000000001e4d7000 	/usr/lib/libutil.dylib
0x000000001e4d7000 	/System/Library/Frameworks/LDAP.framework/Versions/A/LDAP
0x000000001e4d7000 	/usr/lib/libsasl2.2.dylib
0x000000001e4d7000 	/System/Library/PrivateFrameworks/CoreDaemon.framework/Versions/B/CoreDaemon
0x000000001e4d7000 	/System/Library/PrivateFrameworks/AppleSRP.framework/Versions/A/AppleSRP
0x000000001e4d7000 	/System/Library/PrivateFrameworks/APFS.framework/Versions/A/APFS
0x0000000122704000 	/Library/Java/JavaVirtualMachines/jdk1.8.0_102.jdk/Contents/Home/jre/lib/libfontmanager.dylib
0x0000000120c86000 	/Library/Java/JavaVirtualMachines/jdk1.8.0_102.jdk/Contents/Home/jre/lib/libosxui.dylib
0x000000001e4d7000 	/System/Library/PrivateFrameworks/ViewBridge.framework/Versions/A/ViewBridge
0x000000001e4d7000 	/System/Library/PrivateFrameworks/XPCService.framework/Versions/A/XPCService
0x000000001e4d7000 	/System/Library/PrivateFrameworks/AppSandbox.framework/Versions/A/AppSandbox
0x000000001e4d7000 	/usr/lib/libsandbox.1.dylib
0x000000001e4d7000 	/usr/lib/libMatch.1.dylib
0x000000012491b000 	/Library/Java/JavaVirtualMachines/jdk1.8.0_102.jdk/Contents/Home/jre/lib/libnet.dylib
0x0000000124932000 	/Library/Java/JavaVirtualMachines/jdk1.8.0_102.jdk/Contents/Home/jre/lib/libnio.dylib

VM Arguments:
jvm_args: -Dfile.encoding=UTF-8 
java_command: atcw_20170418.Main
java_class_path (initial): /Users/lminsky/git/AT-Comp-Sci-2016/AT Classwork Projects/bin
Launcher Type: SUN_STANDARD

Environment Variables:
PATH=/usr/bin:/bin:/usr/sbin:/sbin
SHELL=/bin/bash

Signal Handlers:
SIGSEGV: [libjvm.dylib+0x5b0579], sa_mask[0]=11111111011111110111111111111111, sa_flags=SA_ONSTACK|SA_RESTART|SA_SIGINFO
SIGBUS: [libjvm.dylib+0x5b0579], sa_mask[0]=11111111011111110111111111111111, sa_flags=SA_RESTART|SA_SIGINFO
SIGFPE: [libjvm.dylib+0x4874e4], sa_mask[0]=11111111011111110111111111111111, sa_flags=SA_RESTART|SA_SIGINFO
SIGPIPE: [libjvm.dylib+0x4874e4], sa_mask[0]=11111111011111110111111111111111, sa_flags=SA_RESTART|SA_SIGINFO
SIGXFSZ: [libjvm.dylib+0x4874e4], sa_mask[0]=11111111011111110111111111111111, sa_flags=SA_RESTART|SA_SIGINFO
SIGILL: [libjvm.dylib+0x4874e4], sa_mask[0]=11111111011111110111111111111111, sa_flags=SA_RESTART|SA_SIGINFO
SIGUSR1: SIG_DFL, sa_mask[0]=00000000000000000000000000000000, sa_flags=none
SIGUSR2: [libjvm.dylib+0x487002], sa_mask[0]=00100000000000000000000000000000, sa_flags=SA_RESTART|SA_SIGINFO
SIGHUP: [libjvm.dylib+0x4855d9], sa_mask[0]=11111111011111110111111111111111, sa_flags=SA_RESTART|SA_SIGINFO
SIGINT: [libjvm.dylib+0x4855d9], sa_mask[0]=11111111011111110111111111111111, sa_flags=SA_RESTART|SA_SIGINFO
SIGTERM: [libjvm.dylib+0x4855d9], sa_mask[0]=11111111011111110111111111111111, sa_flags=SA_RESTART|SA_SIGINFO
SIGQUIT: [libjvm.dylib+0x4855d9], sa_mask[0]=11111111011111110111111111111111, sa_flags=SA_RESTART|SA_SIGINFO


---------------  S Y S T E M  ---------------

OS:Bsduname:Darwin 16.4.0 Darwin Kernel Version 16.4.0: Thu Dec 22 22:53:21 PST 2016; root:xnu-3789.41.3~3/RELEASE_X86_64 x86_64
rlimit: STACK 8192k, CORE 0k, NPROC 709, NOFILE 10240, AS infinity
load average:2.95 3.48 3.05

CPU:total 4 (2 cores per cpu, 2 threads per core) family 6 model 61 stepping 4, cmov, cx8, fxsr, mmx, sse, sse2, sse3, ssse3, sse4.1, sse4.2, popcnt, avx, avx2, aes, clmul, erms, rtm, 3dnowpref, lzcnt, ht, tsc, tscinvbit, bmi1, bmi2, adx

Memory: 4k page, physical 8388608k(42928k free)

/proc/meminfo:


vm_info: Java HotSpot(TM) 64-Bit Server VM (25.102-b14) for bsd-amd64 JRE (1.8.0_102-b14), built on Jun 22 2016 11:42:36 by "java_re" with gcc 4.2.1 (Based on Apple Inc. build 5658) (LLVM build 2336.11.00)

time: Fri Apr 28 11:39:01 2017
elapsed time: 174 seconds (0d 0h 2m 54s)

